Flow report for IITB-proc
Thu May 20 13:18:10 2021
Quartus Prime Version 20.1.0 Build 711 06/05/2020 SJ Lite Edition


---------------------
; Table of Contents ;
---------------------
  1. Legal Notice
  2. Flow Summary
  3. Flow Settings
  4. Flow Non-Default Global Settings
  5. Flow Elapsed Time
  6. Flow OS Summary
  7. Flow Log
  8. Flow Messages
  9. Flow Suppressed Messages



----------------
; Legal Notice ;
----------------
Copyright (C) 2020  Intel Corporation. All rights reserved.
Your use of Intel Corporation's design tools, logic functions 
and other software and tools, and any partner logic 
functions, and any output files from any of the foregoing 
(including device programming or simulation files), and any 
associated documentation or information are expressly subject 
to the terms and conditions of the Intel Program License 
Subscription Agreement, the Intel Quartus Prime License Agreement,
the Intel FPGA IP License Agreement, or other applicable license
agreement, including, without limitation, that your use is for
the sole purpose of programming logic devices manufactured by
Intel and sold by Intel or its authorized distributors.  Please
refer to the applicable agreement for further details, at
https://fpgasoftware.intel.com/eula.



+----------------------------------------------------------------------------------+
; Flow Summary                                                                     ;
+------------------------------------+---------------------------------------------+
; Flow Status                        ; Successful - Thu May 20 13:18:10 2021       ;
; Quartus Prime Version              ; 20.1.0 Build 711 06/05/2020 SJ Lite Edition ;
; Revision Name                      ; IITB-proc                                   ;
; Top-level Entity Name              ; iitbproc                                    ;
; Family                             ; Cyclone 10 LP                               ;
; Total logic elements               ; 688 / 55,856 ( 1 % )                        ;
;     Total combinational functions  ; 641 / 55,856 ( 1 % )                        ;
;     Dedicated logic registers      ; 211 / 55,856 ( < 1 % )                      ;
; Total registers                    ; 211                                         ;
; Total pins                         ; 36 / 322 ( 11 % )                           ;
; Total virtual pins                 ; 0                                           ;
; Total memory bits                  ; 1,048,576 / 2,396,160 ( 44 % )              ;
; Embedded Multiplier 9-bit elements ; 0 / 312 ( 0 % )                             ;
; Total PLLs                         ; 0 / 4 ( 0 % )                               ;
; Device                             ; 10CL055YF484C6G                             ;
; Timing Models                      ; Final                                       ;
+------------------------------------+---------------------------------------------+


+-----------------------------------------+
; Flow Settings                           ;
+-------------------+---------------------+
; Option            ; Setting             ;
+-------------------+---------------------+
; Start date & time ; 05/20/2021 13:15:33 ;
; Main task         ; Compilation         ;
; Revision Name     ; IITB-proc           ;
+-------------------+---------------------+


+-------------------------------------------------------------------------------------------------------------------------------------------------+
; Flow Non-Default Global Settings                                                                                                                ;
+--------------------------------------+----------------------------------------+---------------+-------------+-----------------------------------+
; Assignment Name                      ; Value                                  ; Default Value ; Entity Name ; Section Id                        ;
+--------------------------------------+----------------------------------------+---------------+-------------+-----------------------------------+
; COMPILER_SIGNATURE_ID                ; 8796762015399.162149673303902          ; --            ; --          ; --                                ;
; EDA_DESIGN_INSTANCE_NAME             ; NA                                     ; --            ; --          ; iitbproc-tb.vhd                   ;
; EDA_GENERATE_FUNCTIONAL_NETLIST      ; Off                                    ; --            ; --          ; eda_board_design_timing           ;
; EDA_GENERATE_FUNCTIONAL_NETLIST      ; Off                                    ; --            ; --          ; eda_board_design_boundary_scan    ;
; EDA_GENERATE_FUNCTIONAL_NETLIST      ; Off                                    ; --            ; --          ; eda_board_design_signal_integrity ;
; EDA_GENERATE_FUNCTIONAL_NETLIST      ; Off                                    ; --            ; --          ; eda_board_design_symbol           ;
; EDA_NATIVELINK_SIMULATION_TEST_BENCH ; iitbproc-tb.vhd                        ; --            ; --          ; eda_simulation                    ;
; EDA_OUTPUT_DATA_FORMAT               ; Vhdl                                   ; --            ; --          ; eda_simulation                    ;
; EDA_SIMULATION_TOOL                  ; ModelSim-Altera (VHDL)                 ; <None>        ; --          ; --                                ;
; EDA_TEST_BENCH_ENABLE_STATUS         ; TEST_BENCH_MODE                        ; --            ; --          ; eda_simulation                    ;
; EDA_TEST_BENCH_FILE                  ; iitbproc-tb.vhd                        ; --            ; --          ; iitbproc-tb.vhd                   ;
; EDA_TEST_BENCH_MODULE_NAME           ; cputest                                ; --            ; --          ; iitbproc-tb.vhd                   ;
; EDA_TEST_BENCH_NAME                  ; iitbproc-tb.vhd                        ; --            ; --          ; eda_simulation                    ;
; EDA_TIME_SCALE                       ; 1 ps                                   ; --            ; --          ; eda_simulation                    ;
; PARTITION_COLOR                      ; -- (Not supported for targeted family) ; --            ; iitbproc    ; Top                               ;
; PARTITION_FITTER_PRESERVATION_LEVEL  ; -- (Not supported for targeted family) ; --            ; iitbproc    ; Top                               ;
; PARTITION_NETLIST_TYPE               ; -- (Not supported for targeted family) ; --            ; iitbproc    ; Top                               ;
; PROJECT_OUTPUT_DIRECTORY             ; output_files                           ; --            ; --          ; --                                ;
; TOP_LEVEL_ENTITY                     ; iitbproc                               ; IITB-proc     ; --          ; --                                ;
+--------------------------------------+----------------------------------------+---------------+-------------+-----------------------------------+


+--------------------------------------------------------------------------------------------------------------------------+
; Flow Elapsed Time                                                                                                        ;
+----------------------+--------------+-------------------------+---------------------+------------------------------------+
; Module Name          ; Elapsed Time ; Average Processors Used ; Peak Virtual Memory ; Total CPU Time (on all processors) ;
+----------------------+--------------+-------------------------+---------------------+------------------------------------+
; Analysis & Synthesis ; 00:00:45     ; 1.0                     ; 442 MB              ; 00:00:38                           ;
; Fitter               ; 00:01:36     ; 1.0                     ; 676 MB              ; 00:01:25                           ;
; Assembler            ; 00:00:04     ; 1.0                     ; 366 MB              ; 00:00:03                           ;
; Timing Analyzer      ; 00:00:05     ; 1.0                     ; 467 MB              ; 00:00:04                           ;
; EDA Netlist Writer   ; 00:00:02     ; 1.0                     ; 612 MB              ; 00:00:01                           ;
; Total                ; 00:02:32     ; --                      ; --                  ; 00:02:11                           ;
+----------------------+--------------+-------------------------+---------------------+------------------------------------+


+----------------------------------------------------------------------------------------+
; Flow OS Summary                                                                        ;
+----------------------+------------------+----------------+------------+----------------+
; Module Name          ; Machine Hostname ; OS Name        ; OS Version ; Processor type ;
+----------------------+------------------+----------------+------------+----------------+
; Analysis & Synthesis ; anon-VirtualBox  ; Ubuntu 20.04.1 ; 20         ; x86_64         ;
; Fitter               ; anon-VirtualBox  ; Ubuntu 20.04.1 ; 20         ; x86_64         ;
; Assembler            ; anon-VirtualBox  ; Ubuntu 20.04.1 ; 20         ; x86_64         ;
; Timing Analyzer      ; anon-VirtualBox  ; Ubuntu 20.04.1 ; 20         ; x86_64         ;
; EDA Netlist Writer   ; anon-VirtualBox  ; Ubuntu 20.04.1 ; 20         ; x86_64         ;
+----------------------+------------------+----------------+------------+----------------+


------------
; Flow Log ;
------------
quartus_map --read_settings_files=on --write_settings_files=off IITB-proc -c IITB-proc
quartus_fit --read_settings_files=off --write_settings_files=off IITB-proc -c IITB-proc
quartus_asm --read_settings_files=off --write_settings_files=off IITB-proc -c IITB-proc
quartus_sta IITB-proc -c IITB-proc
quartus_eda --read_settings_files=off --write_settings_files=off IITB-proc -c IITB-proc



